0 info it worked if it ends with ok
1 verbose cli [ '/usr/local/bin/node', '/usr/local/bin/npm', 'run', 'Regress' ]
2 info using npm@3.10.9
3 info using node@v7.2.0
4 verbose run-script [ 'preRegress', 'Regress', 'postRegress' ]
5 info lifecycle seleniumsimplesample_js@0.0.1~preRegress: seleniumsimplesample_js@0.0.1
6 silly lifecycle seleniumsimplesample_js@0.0.1~preRegress: no script for preRegress, continuing
7 info lifecycle seleniumsimplesample_js@0.0.1~Regress: seleniumsimplesample_js@0.0.1
8 verbose lifecycle seleniumsimplesample_js@0.0.1~Regress: unsafe-perm in lifecycle true
9 verbose lifecycle seleniumsimplesample_js@0.0.1~Regress: PATH: /usr/local/lib/node_modules/npm/bin/node-gyp-bin:/home/alex/git/SeleniumSimpleSample_JS/node_modules/.bin:/usr/local/bin:/usr/bin:/bin:/usr/local/games:/usr/games
10 verbose lifecycle seleniumsimplesample_js@0.0.1~Regress: CWD: /home/alex/git/SeleniumSimpleSample_JS
11 silly lifecycle seleniumsimplesample_js@0.0.1~Regress: Args: [ '-c', 'node_modules/mocha/bin/mocha src/tests/Regress.js' ]
12 silly lifecycle seleniumsimplesample_js@0.0.1~Regress: Returned: code: 1  signal: null
13 info lifecycle seleniumsimplesample_js@0.0.1~Regress: Failed to exec Regress script
14 verbose stack Error: seleniumsimplesample_js@0.0.1 Regress: `node_modules/mocha/bin/mocha src/tests/Regress.js`
14 verbose stack Exit status 1
14 verbose stack     at EventEmitter.<anonymous> (/usr/local/lib/node_modules/npm/lib/utils/lifecycle.js:255:16)
14 verbose stack     at emitTwo (events.js:106:13)
14 verbose stack     at EventEmitter.emit (events.js:191:7)
14 verbose stack     at ChildProcess.<anonymous> (/usr/local/lib/node_modules/npm/lib/utils/spawn.js:40:14)
14 verbose stack     at emitTwo (events.js:106:13)
14 verbose stack     at ChildProcess.emit (events.js:191:7)
14 verbose stack     at maybeClose (internal/child_process.js:885:16)
14 verbose stack     at Process.ChildProcess._handle.onexit (internal/child_process.js:226:5)
15 verbose pkgid seleniumsimplesample_js@0.0.1
16 verbose cwd /home/alex/git/SeleniumSimpleSample_JS
17 error Linux 3.16.0-4-amd64
18 error argv "/usr/local/bin/node" "/usr/local/bin/npm" "run" "Regress"
19 error node v7.2.0
20 error npm  v3.10.9
21 error code ELIFECYCLE
22 error seleniumsimplesample_js@0.0.1 Regress: `node_modules/mocha/bin/mocha src/tests/Regress.js`
22 error Exit status 1
23 error Failed at the seleniumsimplesample_js@0.0.1 Regress script 'node_modules/mocha/bin/mocha src/tests/Regress.js'.
23 error Make sure you have the latest version of node.js and npm installed.
23 error If you do, this is most likely a problem with the seleniumsimplesample_js package,
23 error not with npm itself.
23 error Tell the author that this fails on your system:
23 error     node_modules/mocha/bin/mocha src/tests/Regress.js
23 error You can get information on how to open an issue for this project with:
23 error     npm bugs seleniumsimplesample_js
23 error Or if that isn't available, you can get their info via:
23 error     npm owner ls seleniumsimplesample_js
23 error There is likely additional logging output above.
24 verbose exit [ 1, true ]
